# JRE version: OpenJDK Runtime Environment (11.0.2+9) (build 11.0.2+9)
# Java VM: OpenJDK 64-Bit Server VM (11.0.2+9, mixed mode, tiered, compressed oops, g1 gc, windows-amd64)
Heap:
 garbage-first heap   total 65536K, used 2632K [0x00000000c1600000, 0x0000000100000000)
  region size 1024K, 1 young (1024K), 1 survivors (1024K)
 Metaspace       used 8927K, capacity 9075K, committed 9216K, reserved 1069056K
  class space    used 835K, capacity 925K, committed 1024K, reserved 1048576K
GC Heap History (8 events):
Event: 1.909 GC heap before
{Heap before GC invocations=0 (full 0):
 garbage-first heap   total 65536K, used 2048K [0x00000000c1600000, 0x0000000100000000)
  region size 1024K, 3 young (3072K), 0 survivors (0K)
 Metaspace       used 6799K, capacity 6918K, committed 7168K, reserved 1056768K
  class space    used 601K, capacity 649K, committed 768K, reserved 1048576K
}
Event: 1.930 GC heap after
{Heap after GC invocations=1 (full 0):
 garbage-first heap   total 65536K, used 1212K [0x00000000c1600000, 0x0000000100000000)
  region size 1024K, 1 young (1024K), 1 survivors (1024K)
 Metaspace       used 6799K, capacity 6918K, committed 7168K, reserved 1056768K
  class space    used 601K, capacity 649K, committed 768K, reserved 1048576K
}
Event: 2.431 GC heap before
{Heap before GC invocations=1 (full 0):
 garbage-first heap   total 65536K, used 2236K [0x00000000c1600000, 0x0000000100000000)
  region size 1024K, 3 young (3072K), 1 survivors (1024K)
 Metaspace       used 8702K, capacity 8829K, committed 9088K, reserved 1056768K
  class space    used 793K, capacity 841K, committed 896K, reserved 1048576K
}
Event: 2.439 GC heap after
{Heap after GC invocations=2 (full 0):
 garbage-first heap   total 65536K, used 2508K [0x00000000c1600000, 0x0000000100000000)
  region size 1024K, 1 young (1024K), 1 survivors (1024K)
 Metaspace       used 8702K, capacity 8829K, committed 9088K, reserved 1056768K
  class space    used 793K, capacity 841K, committed 896K, reserved 1048576K
}
Event: 2.631 GC heap before
{Heap before GC invocations=2 (full 0):
 garbage-first heap   total 65536K, used 2508K [0x00000000c1600000, 0x0000000100000000)
  region size 1024K, 2 young (2048K), 1 survivors (1024K)
 Metaspace       used 8827K, capacity 8991K, committed 9088K, reserved 1056768K
  class space    used 815K, capacity 875K, committed 896K, reserved 1048576K
}
Event: 2.637 GC heap after
{Heap after GC invocations=3 (full 0):
 garbage-first heap   total 65536K, used 2616K [0x00000000c1600000, 0x0000000100000000)
  region size 1024K, 1 young (1024K), 1 survivors (1024K)
 Metaspace       used 8827K, capacity 8991K, committed 9088K, reserved 1056768K
  class space    used 815K, capacity 875K, committed 896K, reserved 1048576K
}
Event: 2.826 GC heap before
{Heap before GC invocations=4 (full 0):
 garbage-first heap   total 65536K, used 2616K [0x00000000c1600000, 0x0000000100000000)
  region size 1024K, 2 young (2048K), 1 survivors (1024K)
 Metaspace       used 8927K, capacity 9075K, committed 9216K, reserved 1067008K
  class space    used 835K, capacity 925K, committed 1024K, reserved 1048576K
}
Event: 2.829 GC heap after
{Heap after GC invocations=5 (full 0):
 garbage-first heap   total 65536K, used 2632K [0x00000000c1600000, 0x0000000100000000)
  region size 1024K, 1 young (1024K), 1 survivors (1024K)
 Metaspace       used 8927K, capacity 9075K, committed 9216K, reserved 1067008K
  class space    used 835K, capacity 925K, committed 1024K, reserved 1048576K
}

