# JRE version: OpenJDK Runtime Environment (11.0.2+9) (build 11.0.2+9)
# Java VM: OpenJDK 64-Bit Server VM (11.0.2+9, mixed mode, tiered, compressed oops, g1 gc, windows-amd64)
Heap:
 garbage-first heap   total 575488K, used 565857K [0x00000000c1600000, 0x0000000100000000)
  region size 1024K, 5 young (5120K), 1 survivors (1024K)
 Metaspace       used 21322K, capacity 21905K, committed 22528K, reserved 1069056K
  class space    used 1946K, capacity 2117K, committed 2304K, reserved 1048576K
GC Heap History (10 events):
Event: 4463.295 GC heap before
{Heap before GC invocations=4419 (full 17):
 garbage-first heap   total 223232K, used 98408K [0x00000000c1600000, 0x0000000100000000)
  region size 1024K, 2 young (2048K), 1 survivors (1024K)
 Metaspace       used 21319K, capacity 21905K, committed 22528K, reserved 1069056K
  class space    used 1946K, capacity 2117K, committed 2304K, reserved 1048576K
}
Event: 4463.300 GC heap after
{Heap after GC invocations=4420 (full 17):
 garbage-first heap   total 223232K, used 77928K [0x00000000c1600000, 0x0000000100000000)
  region size 1024K, 1 young (1024K), 1 survivors (1024K)
 Metaspace       used 21319K, capacity 21905K, committed 22528K, reserved 1069056K
  class space    used 1946K, capacity 2117K, committed 2304K, reserved 1048576K
}
Event: 4463.603 GC heap before
{Heap before GC invocations=4421 (full 17):
 garbage-first heap   total 223232K, used 98408K [0x00000000c1600000, 0x0000000100000000)
  region size 1024K, 2 young (2048K), 1 survivors (1024K)
 Metaspace       used 21319K, capacity 21905K, committed 22528K, reserved 1069056K
  class space    used 1946K, capacity 2117K, committed 2304K, reserved 1048576K
}
Event: 4463.608 GC heap after
{Heap after GC invocations=4422 (full 17):
 garbage-first heap   total 223232K, used 77928K [0x00000000c1600000, 0x0000000100000000)
  region size 1024K, 1 young (1024K), 1 survivors (1024K)
 Metaspace       used 21319K, capacity 21905K, committed 22528K, reserved 1069056K
  class space    used 1946K, capacity 2117K, committed 2304K, reserved 1048576K
}
Event: 4463.886 GC heap before
{Heap before GC invocations=4423 (full 17):
 garbage-first heap   total 223232K, used 98408K [0x00000000c1600000, 0x0000000100000000)
  region size 1024K, 2 young (2048K), 1 survivors (1024K)
 Metaspace       used 21319K, capacity 21905K, committed 22528K, reserved 1069056K
  class space    used 1946K, capacity 2117K, committed 2304K, reserved 1048576K
}
Event: 4463.889 GC heap after
{Heap after GC invocations=4424 (full 17):
 garbage-first heap   total 223232K, used 77931K [0x00000000c1600000, 0x0000000100000000)
  region size 1024K, 1 young (1024K), 1 survivors (1024K)
 Metaspace       used 21319K, capacity 21905K, committed 22528K, reserved 1069056K
  class space    used 1946K, capacity 2117K, committed 2304K, reserved 1048576K
}
Event: 4464.193 GC heap before
{Heap before GC invocations=4425 (full 17):
 garbage-first heap   total 223232K, used 98411K [0x00000000c1600000, 0x0000000100000000)
  region size 1024K, 2 young (2048K), 1 survivors (1024K)
 Metaspace       used 21319K, capacity 21905K, committed 22528K, reserved 1069056K
  class space    used 1946K, capacity 2117K, committed 2304K, reserved 1048576K
}
Event: 4464.197 GC heap after
{Heap after GC invocations=4426 (full 17):
 garbage-first heap   total 223232K, used 77930K [0x00000000c1600000, 0x0000000100000000)
  region size 1024K, 1 young (1024K), 1 survivors (1024K)
 Metaspace       used 21319K, capacity 21905K, committed 22528K, reserved 1069056K
  class space    used 1946K, capacity 2117K, committed 2304K, reserved 1048576K
}
Event: 4464.763 GC heap before
{Heap before GC invocations=4427 (full 17):
 garbage-first heap   total 223232K, used 100458K [0x00000000c1600000, 0x0000000100000000)
  region size 1024K, 4 young (4096K), 1 survivors (1024K)
 Metaspace       used 21322K, capacity 21905K, committed 22528K, reserved 1069056K
  class space    used 1946K, capacity 2117K, committed 2304K, reserved 1048576K
}
Event: 4464.766 GC heap after
{Heap after GC invocations=4428 (full 17):
 garbage-first heap   total 223232K, used 78347K [0x00000000c1600000, 0x0000000100000000)
  region size 1024K, 1 young (1024K), 1 survivors (1024K)
 Metaspace       used 21322K, capacity 21905K, committed 22528K, reserved 1069056K
  class space    used 1946K, capacity 2117K, committed 2304K, reserved 1048576K
}

