# JRE version: OpenJDK Runtime Environment (11.0.2+9) (build 11.0.2+9)
# Java VM: OpenJDK 64-Bit Server VM (11.0.2+9, mixed mode, tiered, compressed oops, g1 gc, windows-amd64)
Heap:
 garbage-first heap   total 55296K, used 24621K [0x00000000c1600000, 0x0000000100000000)
  region size 1024K, 4 young (4096K), 1 survivors (1024K)
 Metaspace       used 19563K, capacity 20081K, committed 20352K, reserved 1067008K
  class space    used 1898K, capacity 2074K, committed 2176K, reserved 1048576K
GC Heap History (10 events):
Event: 2754.766 GC heap before
{Heap before GC invocations=183 (full 16):
 garbage-first heap   total 56320K, used 15890K [0x00000000c1600000, 0x0000000100000000)
  region size 1024K, 2 young (2048K), 1 survivors (1024K)
 Metaspace       used 17659K, capacity 18130K, committed 18944K, reserved 1067008K
  class space    used 1684K, capacity 1787K, committed 2048K, reserved 1048576K
}
Event: 2754.818 GC heap after
{Heap after GC invocations=184 (full 17):
 garbage-first heap   total 55296K, used 15654K [0x00000000c1600000, 0x0000000100000000)
  region size 1024K, 0 young (0K), 0 survivors (0K)
 Metaspace       used 17659K, capacity 18130K, committed 18944K, reserved 1067008K
  class space    used 1684K, capacity 1787K, committed 2048K, reserved 1048576K
}
Event: 2757.543 GC heap before
{Heap before GC invocations=184 (full 17):
 garbage-first heap   total 55296K, used 26918K [0x00000000c1600000, 0x0000000100000000)
  region size 1024K, 4 young (4096K), 0 survivors (0K)
 Metaspace       used 19436K, capacity 19985K, committed 20352K, reserved 1067008K
  class space    used 1880K, capacity 2042K, committed 2176K, reserved 1048576K
}
Event: 2757.547 GC heap after
{Heap after GC invocations=185 (full 17):
 garbage-first heap   total 55296K, used 16392K [0x00000000c1600000, 0x0000000100000000)
  region size 1024K, 1 young (1024K), 1 survivors (1024K)
 Metaspace       used 19436K, capacity 19985K, committed 20352K, reserved 1067008K
  class space    used 1880K, capacity 2042K, committed 2176K, reserved 1048576K
}
Event: 2757.587 GC heap before
{Heap before GC invocations=186 (full 17):
 garbage-first heap   total 55296K, used 14344K [0x00000000c1600000, 0x0000000100000000)
  region size 1024K, 1 young (1024K), 1 survivors (1024K)
 Metaspace       used 19436K, capacity 19985K, committed 20352K, reserved 1067008K
  class space    used 1880K, capacity 2042K, committed 2176K, reserved 1048576K
}
Event: 2757.591 GC heap after
{Heap after GC invocations=187 (full 17):
 garbage-first heap   total 55296K, used 14358K [0x00000000c1600000, 0x0000000100000000)
  region size 1024K, 1 young (1024K), 1 survivors (1024K)
 Metaspace       used 19436K, capacity 19985K, committed 20352K, reserved 1067008K
  class space    used 1880K, capacity 2042K, committed 2176K, reserved 1048576K
}
Event: 2757.880 GC heap before
{Heap before GC invocations=188 (full 17):
 garbage-first heap   total 55296K, used 24598K [0x00000000c1600000, 0x0000000100000000)
  region size 1024K, 2 young (2048K), 1 survivors (1024K)
 Metaspace       used 19453K, capacity 20049K, committed 20352K, reserved 1067008K
  class space    used 1881K, capacity 2042K, committed 2176K, reserved 1048576K
}
Event: 2757.884 GC heap after
{Heap after GC invocations=189 (full 17):
 garbage-first heap   total 55296K, used 14380K [0x00000000c1600000, 0x0000000100000000)
  region size 1024K, 1 young (1024K), 1 survivors (1024K)
 Metaspace       used 19453K, capacity 20049K, committed 20352K, reserved 1067008K
  class space    used 1881K, capacity 2042K, committed 2176K, reserved 1048576K
}
Event: 2757.924 GC heap before
{Heap before GC invocations=190 (full 17):
 garbage-first heap   total 55296K, used 14380K [0x00000000c1600000, 0x0000000100000000)
  region size 1024K, 1 young (1024K), 1 survivors (1024K)
 Metaspace       used 19453K, capacity 20049K, committed 20352K, reserved 1067008K
  class space    used 1881K, capacity 2042K, committed 2176K, reserved 1048576K
}
Event: 2757.929 GC heap after
{Heap after GC invocations=191 (full 17):
 garbage-first heap   total 55296K, used 14381K [0x00000000c1600000, 0x0000000100000000)
  region size 1024K, 1 young (1024K), 1 survivors (1024K)
 Metaspace       used 19453K, capacity 20049K, committed 20352K, reserved 1067008K
  class space    used 1881K, capacity 2042K, committed 2176K, reserved 1048576K
}

