# JRE version: OpenJDK Runtime Environment (11.0.2+9) (build 11.0.2+9)
# Java VM: OpenJDK 64-Bit Server VM (11.0.2+9, mixed mode, tiered, compressed oops, g1 gc, windows-amd64)
Heap:
 garbage-first heap   total 118784K, used 42040K [0x00000000c1600000, 0x0000000100000000)
  region size 1024K, 3 young (3072K), 1 survivors (1024K)
 Metaspace       used 19870K, capacity 20336K, committed 20608K, reserved 1067008K
  class space    used 1928K, capacity 2119K, committed 2176K, reserved 1048576K
GC Heap History (10 events):
Event: 28.734 GC heap before
{Heap before GC invocations=114 (full 1):
 garbage-first heap   total 118784K, used 52276K [0x00000000c1600000, 0x0000000100000000)
  region size 1024K, 2 young (2048K), 1 survivors (1024K)
 Metaspace       used 19821K, capacity 20336K, committed 20608K, reserved 1067008K
  class space    used 1923K, capacity 2119K, committed 2176K, reserved 1048576K
}
Event: 28.737 GC heap after
{Heap after GC invocations=115 (full 1):
 garbage-first heap   total 118784K, used 31798K [0x00000000c1600000, 0x0000000100000000)
  region size 1024K, 1 young (1024K), 1 survivors (1024K)
 Metaspace       used 19821K, capacity 20336K, committed 20608K, reserved 1067008K
  class space    used 1923K, capacity 2119K, committed 2176K, reserved 1048576K
}
Event: 28.788 GC heap before
{Heap before GC invocations=116 (full 1):
 garbage-first heap   total 118784K, used 31798K [0x00000000c1600000, 0x0000000100000000)
  region size 1024K, 1 young (1024K), 1 survivors (1024K)
 Metaspace       used 19821K, capacity 20336K, committed 20608K, reserved 1067008K
  class space    used 1923K, capacity 2119K, committed 2176K, reserved 1048576K
}
Event: 28.790 GC heap after
{Heap after GC invocations=117 (full 1):
 garbage-first heap   total 118784K, used 31799K [0x00000000c1600000, 0x0000000100000000)
  region size 1024K, 1 young (1024K), 1 survivors (1024K)
 Metaspace       used 19821K, capacity 20336K, committed 20608K, reserved 1067008K
  class space    used 1923K, capacity 2119K, committed 2176K, reserved 1048576K
}
Event: 29.328 GC heap before
{Heap before GC invocations=118 (full 1):
 garbage-first heap   total 118784K, used 52279K [0x00000000c1600000, 0x0000000100000000)
  region size 1024K, 2 young (2048K), 1 survivors (1024K)
 Metaspace       used 19824K, capacity 20336K, committed 20608K, reserved 1067008K
  class space    used 1923K, capacity 2119K, committed 2176K, reserved 1048576K
}
Event: 29.332 GC heap after
{Heap after GC invocations=119 (full 1):
 garbage-first heap   total 118784K, used 31801K [0x00000000c1600000, 0x0000000100000000)
  region size 1024K, 1 young (1024K), 1 survivors (1024K)
 Metaspace       used 19824K, capacity 20336K, committed 20608K, reserved 1067008K
  class space    used 1923K, capacity 2119K, committed 2176K, reserved 1048576K
}
Event: 29.380 GC heap before
{Heap before GC invocations=120 (full 1):
 garbage-first heap   total 118784K, used 31801K [0x00000000c1600000, 0x0000000100000000)
  region size 1024K, 1 young (1024K), 1 survivors (1024K)
 Metaspace       used 19824K, capacity 20336K, committed 20608K, reserved 1067008K
  class space    used 1923K, capacity 2119K, committed 2176K, reserved 1048576K
}
Event: 29.382 GC heap after
{Heap after GC invocations=121 (full 1):
 garbage-first heap   total 118784K, used 31800K [0x00000000c1600000, 0x0000000100000000)
  region size 1024K, 1 young (1024K), 1 survivors (1024K)
 Metaspace       used 19824K, capacity 20336K, committed 20608K, reserved 1067008K
  class space    used 1923K, capacity 2119K, committed 2176K, reserved 1048576K
}
Event: 29.916 GC heap before
{Heap before GC invocations=122 (full 1):
 garbage-first heap   total 118784K, used 52280K [0x00000000c1600000, 0x0000000100000000)
  region size 1024K, 2 young (2048K), 1 survivors (1024K)
 Metaspace       used 19825K, capacity 20336K, committed 20608K, reserved 1067008K
  class space    used 1923K, capacity 2119K, committed 2176K, reserved 1048576K
}
Event: 29.918 GC heap after
{Heap after GC invocations=123 (full 1):
 garbage-first heap   total 118784K, used 31800K [0x00000000c1600000, 0x0000000100000000)
  region size 1024K, 1 young (1024K), 1 survivors (1024K)
 Metaspace       used 19825K, capacity 20336K, committed 20608K, reserved 1067008K
  class space    used 1923K, capacity 2119K, committed 2176K, reserved 1048576K
}

