# JRE version: OpenJDK Runtime Environment (11.0.2+9) (build 11.0.2+9)
# Java VM: OpenJDK 64-Bit Server VM (11.0.2+9, mixed mode, tiered, compressed oops, g1 gc, windows-amd64)
Heap:
 garbage-first heap   total 48128K, used 16795K [0x00000000c1600000, 0x0000000100000000)
  region size 1024K, 2 young (2048K), 0 survivors (0K)
 Metaspace       used 19202K, capacity 19719K, committed 19840K, reserved 1067008K
  class space    used 1895K, capacity 2087K, committed 2176K, reserved 1048576K
GC Heap History (10 events):
Event: 19.054 GC heap before
{Heap before GC invocations=33 (full 1):
 garbage-first heap   total 41984K, used 28124K [0x00000000c1600000, 0x0000000100000000)
  region size 1024K, 2 young (2048K), 1 survivors (1024K)
 Metaspace       used 17562K, capacity 18112K, committed 18432K, reserved 1064960K
  class space    used 1755K, capacity 1957K, committed 2048K, reserved 1048576K
}
Event: 19.057 GC heap after
{Heap after GC invocations=34 (full 1):
 garbage-first heap   total 41984K, used 28164K [0x00000000c1600000, 0x0000000100000000)
  region size 1024K, 1 young (1024K), 1 survivors (1024K)
 Metaspace       used 17562K, capacity 18112K, committed 18432K, reserved 1064960K
  class space    used 1755K, capacity 1957K, committed 2048K, reserved 1048576K
}
Event: 19.137 GC heap before
{Heap before GC invocations=35 (full 1):
 garbage-first heap   total 41984K, used 29188K [0x00000000c1600000, 0x0000000100000000)
  region size 1024K, 2 young (2048K), 1 survivors (1024K)
 Metaspace       used 17565K, capacity 18112K, committed 18432K, reserved 1064960K
  class space    used 1755K, capacity 1957K, committed 2048K, reserved 1048576K
}
Event: 19.140 GC heap after
{Heap after GC invocations=36 (full 1):
 garbage-first heap   total 55296K, used 29152K [0x00000000c1600000, 0x0000000100000000)
  region size 1024K, 1 young (1024K), 1 survivors (1024K)
 Metaspace       used 17565K, capacity 18112K, committed 18432K, reserved 1064960K
  class space    used 1755K, capacity 1957K, committed 2048K, reserved 1048576K
}
Event: 19.351 GC heap before
{Heap before GC invocations=37 (full 1):
 garbage-first heap   total 55296K, used 34272K [0x00000000c1600000, 0x0000000100000000)
  region size 1024K, 2 young (2048K), 1 survivors (1024K)
 Metaspace       used 17604K, capacity 18115K, committed 18432K, reserved 1064960K
  class space    used 1758K, capacity 1958K, committed 2048K, reserved 1048576K
}
Event: 19.354 GC heap after
{Heap after GC invocations=38 (full 1):
 garbage-first heap   total 55296K, used 34281K [0x00000000c1600000, 0x0000000100000000)
  region size 1024K, 1 young (1024K), 1 survivors (1024K)
 Metaspace       used 17604K, capacity 18115K, committed 18432K, reserved 1064960K
  class space    used 1758K, capacity 1958K, committed 2048K, reserved 1048576K
}
Event: 19.428 GC heap before
{Heap before GC invocations=39 (full 1):
 garbage-first heap   total 55296K, used 36329K [0x00000000c1600000, 0x0000000100000000)
  region size 1024K, 2 young (2048K), 1 survivors (1024K)
 Metaspace       used 17655K, capacity 18179K, committed 18432K, reserved 1064960K
  class space    used 1763K, capacity 1958K, committed 2048K, reserved 1048576K
}
Event: 19.430 GC heap after
{Heap after GC invocations=40 (full 1):
 garbage-first heap   total 55296K, used 15853K [0x00000000c1600000, 0x0000000100000000)
  region size 1024K, 1 young (1024K), 1 survivors (1024K)
 Metaspace       used 17655K, capacity 18179K, committed 18432K, reserved 1064960K
  class space    used 1763K, capacity 1958K, committed 2048K, reserved 1048576K
}
Event: 19.530 GC heap before
{Heap before GC invocations=41 (full 1):
 garbage-first heap   total 55296K, used 19949K [0x00000000c1600000, 0x0000000100000000)
  region size 1024K, 2 young (2048K), 1 survivors (1024K)
 Metaspace       used 17673K, capacity 18243K, committed 18432K, reserved 1064960K
  class space    used 1763K, capacity 1958K, committed 2048K, reserved 1048576K
}
Event: 19.561 GC heap after
{Heap after GC invocations=42 (full 2):
 garbage-first heap   total 48128K, used 13723K [0x00000000c1600000, 0x0000000100000000)
  region size 1024K, 0 young (0K), 0 survivors (0K)
 Metaspace       used 17673K, capacity 18243K, committed 18432K, reserved 1064960K
  class space    used 1763K, capacity 1958K, committed 2048K, reserved 1048576K
}

